# JRE version: OpenJDK Runtime Environment (8.0_242-b01) (build 1.8.0_242-release-1644-b01)
# Java VM: OpenJDK 64-Bit Server VM (25.242-b01 mixed mode windows-amd64 compressed oops)
Heap:
 PSYoungGen      total 158208K, used 12694K [0x00000000d5580000, 0x00000000e0980000, 0x0000000100000000)
  eden space 151040K, 3% used [0x00000000d5580000,0x00000000d5b554c0,0x00000000de900000)
  from space 7168K, 93% used [0x00000000e0280000,0x00000000e0910558,0x00000000e0980000)
  to   space 11776K, 0% used [0x00000000df280000,0x00000000df280000,0x00000000dfe00000)
 ParOldGen       total 147456K, used 14742K [0x0000000080000000, 0x0000000089000000, 0x00000000d5580000)
  object space 147456K, 9% used [0x0000000080000000,0x0000000080e659e0,0x0000000089000000)
 Metaspace       used 37116K, capacity 38732K, committed 39000K, reserved 1083392K
  class space    used 5082K, capacity 5437K, committed 5504K, reserved 1048576K
GC Heap History (10 events):
Event: 4.270 GC heap before
{Heap before GC invocations=5 (full 1):
 PSYoungGen      total 75776K, used 7572K [0x00000000d5580000, 0x00000000de980000, 0x0000000100000000)
  eden space 65024K, 0% used [0x00000000d5580000,0x00000000d5580000,0x00000000d9500000)
  from space 10752K, 70% used [0x00000000d9f80000,0x00000000da6e5080,0x00000000daa00000)
  to   space 10752K, 0% used [0x00000000d9500000,0x00000000d9500000,0x00000000d9f80000)
 ParOldGen       total 173568K, used 1067K [0x0000000080000000, 0x000000008a980000, 0x00000000d5580000)
  object space 173568K, 0% used [0x0000000080000000,0x000000008010adc8,0x000000008a980000)
 Metaspace       used 20492K, capacity 21204K, committed 21248K, reserved 1067008K
  class space    used 2858K, capacity 3048K, committed 3072K, reserved 1048576K
Event: 4.316 GC heap after
Heap after GC invocations=5 (full 1):
 PSYoungGen      total 75776K, used 0K [0x00000000d5580000, 0x00000000de980000, 0x0000000100000000)
  eden space 65024K, 0% used [0x00000000d5580000,0x00000000d5580000,0x00000000d9500000)
  from space 10752K, 0% used [0x00000000d9f80000,0x00000000d9f80000,0x00000000daa00000)
  to   space 10752K, 0% used [0x00000000d9500000,0x00000000d9500000,0x00000000d9f80000)
 ParOldGen       total 97280K, used 7344K [0x0000000080000000, 0x0000000085f00000, 0x00000000d5580000)
  object space 97280K, 7% used [0x0000000080000000,0x000000008072c048,0x0000000085f00000)
 Metaspace       used 20492K, capacity 21204K, committed 21248K, reserved 1067008K
  class space    used 2858K, capacity 3048K, committed 3072K, reserved 1048576K
}
Event: 5.096 GC heap before
{Heap before GC invocations=6 (full 1):
 PSYoungGen      total 75776K, used 65024K [0x00000000d5580000, 0x00000000de980000, 0x0000000100000000)
  eden space 65024K, 100% used [0x00000000d5580000,0x00000000d9500000,0x00000000d9500000)
  from space 10752K, 0% used [0x00000000d9f80000,0x00000000d9f80000,0x00000000daa00000)
  to   space 10752K, 0% used [0x00000000d9500000,0x00000000d9500000,0x00000000d9f80000)
 ParOldGen       total 97280K, used 7344K [0x0000000080000000, 0x0000000085f00000, 0x00000000d5580000)
  object space 97280K, 7% used [0x0000000080000000,0x000000008072c048,0x0000000085f00000)
 Metaspace       used 28629K, capacity 29516K, committed 29824K, reserved 1075200K
  class space    used 3938K, capacity 4152K, committed 4224K, reserved 1048576K
Event: 5.100 GC heap after
Heap after GC invocations=6 (full 1):
 PSYoungGen      total 75776K, used 8421K [0x00000000d5580000, 0x00000000dd300000, 0x0000000100000000)
  eden space 65024K, 0% used [0x00000000d5580000,0x00000000d5580000,0x00000000d9500000)
  from space 10752K, 78% used [0x00000000d9500000,0x00000000d9d39668,0x00000000d9f80000)
  to   space 12288K, 0% used [0x00000000dc700000,0x00000000dc700000,0x00000000dd300000)
 ParOldGen       total 97280K, used 7352K [0x0000000080000000, 0x0000000085f00000, 0x00000000d5580000)
  object space 97280K, 7% used [0x0000000080000000,0x000000008072e048,0x0000000085f00000)
 Metaspace       used 28629K, capacity 29516K, committed 29824K, reserved 1075200K
  class space    used 3938K, capacity 4152K, committed 4224K, reserved 1048576K
}
Event: 5.617 GC heap before
{Heap before GC invocations=7 (full 1):
 PSYoungGen      total 75776K, used 73445K [0x00000000d5580000, 0x00000000dd300000, 0x0000000100000000)
  eden space 65024K, 100% used [0x00000000d5580000,0x00000000d9500000,0x00000000d9500000)
  from space 10752K, 78% used [0x00000000d9500000,0x00000000d9d39668,0x00000000d9f80000)
  to   space 12288K, 0% used [0x00000000dc700000,0x00000000dc700000,0x00000000dd300000)
 ParOldGen       total 97280K, used 7352K [0x0000000080000000, 0x0000000085f00000, 0x00000000d5580000)
  object space 97280K, 7% used [0x0000000080000000,0x000000008072e048,0x0000000085f00000)
 Metaspace       used 32973K, capacity 34130K, committed 34304K, reserved 1079296K
  class space    used 4484K, capacity 4756K, committed 4864K, reserved 1048576K
Event: 5.624 GC heap after
Heap after GC invocations=7 (full 1):
 PSYoungGen      total 115200K, used 9414K [0x00000000d5580000, 0x00000000dd280000, 0x0000000100000000)
  eden space 103424K, 0% used [0x00000000d5580000,0x00000000d5580000,0x00000000dba80000)
  from space 11776K, 79% used [0x00000000dc700000,0x00000000dd031a98,0x00000000dd280000)
  to   space 12288K, 0% used [0x00000000dba80000,0x00000000dba80000,0x00000000dc680000)
 ParOldGen       total 97280K, used 7360K [0x0000000080000000, 0x0000000085f00000, 0x00000000d5580000)
  object space 97280K, 7% used [0x0000000080000000,0x0000000080730048,0x0000000085f00000)
 Metaspace       used 32973K, capacity 34130K, committed 34304K, reserved 1079296K
  class space    used 4484K, capacity 4756K, committed 4864K, reserved 1048576K
}
Event: 5.868 GC heap before
{Heap before GC invocations=8 (full 1):
 PSYoungGen      total 115200K, used 37023K [0x00000000d5580000, 0x00000000dd280000, 0x0000000100000000)
  eden space 103424K, 26% used [0x00000000d5580000,0x00000000d7076350,0x00000000dba80000)
  from space 11776K, 79% used [0x00000000dc700000,0x00000000dd031a98,0x00000000dd280000)
  to   space 12288K, 0% used [0x00000000dba80000,0x00000000dba80000,0x00000000dc680000)
 ParOldGen       total 97280K, used 7360K [0x0000000080000000, 0x0000000085f00000, 0x00000000d5580000)
  object space 97280K, 7% used [0x0000000080000000,0x0000000080730048,0x0000000085f00000)
 Metaspace       used 34164K, capacity 35372K, committed 35416K, reserved 1079296K
  class space    used 4667K, capacity 4969K, committed 4992K, reserved 1048576K
Event: 5.872 GC heap after
Heap after GC invocations=8 (full 1):
 PSYoungGen      total 115712K, used 8122K [0x00000000d5580000, 0x00000000e0e00000, 0x0000000100000000)
  eden space 103424K, 0% used [0x00000000d5580000,0x00000000d5580000,0x00000000dba80000)
  from space 12288K, 66% used [0x00000000dba80000,0x00000000dc26ea98,0x00000000dc680000)
  to   space 11776K, 0% used [0x00000000e0280000,0x00000000e0280000,0x00000000e0e00000)
 ParOldGen       total 97280K, used 7368K [0x0000000080000000, 0x0000000085f00000, 0x00000000d5580000)
  object space 97280K, 7% used [0x0000000080000000,0x0000000080732048,0x0000000085f00000)
 Metaspace       used 34164K, capacity 35372K, committed 35416K, reserved 1079296K
  class space    used 4667K, capacity 4969K, committed 4992K, reserved 1048576K
}
Event: 5.872 GC heap before
{Heap before GC invocations=9 (full 2):
 PSYoungGen      total 115712K, used 8122K [0x00000000d5580000, 0x00000000e0e00000, 0x0000000100000000)
  eden space 103424K, 0% used [0x00000000d5580000,0x00000000d5580000,0x00000000dba80000)
  from space 12288K, 66% used [0x00000000dba80000,0x00000000dc26ea98,0x00000000dc680000)
  to   space 11776K, 0% used [0x00000000e0280000,0x00000000e0280000,0x00000000e0e00000)
 ParOldGen       total 97280K, used 7368K [0x0000000080000000, 0x0000000085f00000, 0x00000000d5580000)
  object space 97280K, 7% used [0x0000000080000000,0x0000000080732048,0x0000000085f00000)
 Metaspace       used 34164K, capacity 35372K, committed 35416K, reserved 1079296K
  class space    used 4667K, capacity 4969K, committed 4992K, reserved 1048576K
Event: 5.901 GC heap after
Heap after GC invocations=9 (full 2):
 PSYoungGen      total 115712K, used 0K [0x00000000d5580000, 0x00000000e0e00000, 0x0000000100000000)
  eden space 103424K, 0% used [0x00000000d5580000,0x00000000d5580000,0x00000000dba80000)
  from space 12288K, 0% used [0x00000000dba80000,0x00000000dba80000,0x00000000dc680000)
  to   space 11776K, 0% used [0x00000000e0280000,0x00000000e0280000,0x00000000e0e00000)
 ParOldGen       total 147456K, used 14734K [0x0000000080000000, 0x0000000089000000, 0x00000000d5580000)
  object space 147456K, 9% used [0x0000000080000000,0x0000000080e639e0,0x0000000089000000)
 Metaspace       used 34164K, capacity 35372K, committed 35416K, reserved 1079296K
  class space    used 4667K, capacity 4969K, committed 4992K, reserved 1048576K
}

