# JRE version: OpenJDK Runtime Environment (8.0_242-b01) (build 1.8.0_242-release-1644-b01)
# Java VM: OpenJDK 64-Bit Server VM (25.242-b01 mixed mode windows-amd64 compressed oops)
Heap:
 PSYoungGen      total 189440K, used 3413K [0x00000000d5580000, 0x00000000e6280000, 0x0000000100000000)
  eden space 180736K, 1% used [0x00000000d5580000,0x00000000d58d55a8,0x00000000e0600000)
  from space 8704K, 0% used [0x00000000e1800000,0x00000000e1800000,0x00000000e2080000)
  to   space 18432K, 0% used [0x00000000e0600000,0x00000000e0600000,0x00000000e1800000)
 ParOldGen       total 127488K, used 30912K [0x0000000080000000, 0x0000000087c80000, 0x00000000d5580000)
  object space 127488K, 24% used [0x0000000080000000,0x0000000081e30340,0x0000000087c80000)
 Metaspace       used 56341K, capacity 58676K, committed 59224K, reserved 1099776K
  class space    used 7698K, capacity 8223K, committed 8320K, reserved 1048576K
GC Heap History (10 events):
Event: 4.506 GC heap before
{Heap before GC invocations=9 (full 2):
 PSYoungGen      total 121856K, used 8131K [0x00000000d5580000, 0x00000000e2380000, 0x0000000100000000)
  eden space 109568K, 0% used [0x00000000d5580000,0x00000000d5580000,0x00000000dc080000)
  from space 12288K, 66% used [0x00000000dc080000,0x00000000dc870d70,0x00000000dcc80000)
  to   space 11776K, 0% used [0x00000000e1800000,0x00000000e1800000,0x00000000e2380000)
 ParOldGen       total 89600K, used 7380K [0x0000000080000000, 0x0000000085780000, 0x00000000d5580000)
  object space 89600K, 8% used [0x0000000080000000,0x0000000080735008,0x0000000085780000)
 Metaspace       used 34176K, capacity 35372K, committed 35416K, reserved 1079296K
  class space    used 4669K, capacity 4969K, committed 4992K, reserved 1048576K
Event: 4.539 GC heap after
Heap after GC invocations=9 (full 2):
 PSYoungGen      total 121856K, used 0K [0x00000000d5580000, 0x00000000e2380000, 0x0000000100000000)
  eden space 109568K, 0% used [0x00000000d5580000,0x00000000d5580000,0x00000000dc080000)
  from space 12288K, 0% used [0x00000000dc080000,0x00000000dc080000,0x00000000dcc80000)
  to   space 11776K, 0% used [0x00000000e1800000,0x00000000e1800000,0x00000000e2380000)
 ParOldGen       total 127488K, used 14829K [0x0000000080000000, 0x0000000087c80000, 0x00000000d5580000)
  object space 127488K, 11% used [0x0000000080000000,0x0000000080e7b7f0,0x0000000087c80000)
 Metaspace       used 34176K, capacity 35372K, committed 35416K, reserved 1079296K
  class space    used 4669K, capacity 4969K, committed 4992K, reserved 1048576K
}
Event: 5.079 GC heap before
{Heap before GC invocations=10 (full 2):
 PSYoungGen      total 121856K, used 109568K [0x00000000d5580000, 0x00000000e2380000, 0x0000000100000000)
  eden space 109568K, 100% used [0x00000000d5580000,0x00000000dc080000,0x00000000dc080000)
  from space 12288K, 0% used [0x00000000dc080000,0x00000000dc080000,0x00000000dcc80000)
  to   space 11776K, 0% used [0x00000000e1800000,0x00000000e1800000,0x00000000e2380000)
 ParOldGen       total 127488K, used 14829K [0x0000000080000000, 0x0000000087c80000, 0x00000000d5580000)
  object space 127488K, 11% used [0x0000000080000000,0x0000000080e7b7f0,0x0000000087c80000)
 Metaspace       used 37879K, capacity 39638K, committed 39768K, reserved 1083392K
  class space    used 5233K, capacity 5637K, committed 5760K, reserved 1048576K
Event: 5.084 GC heap after
Heap after GC invocations=10 (full 2):
 PSYoungGen      total 182272K, used 8664K [0x00000000d5580000, 0x00000000e2080000, 0x0000000100000000)
  eden space 173568K, 0% used [0x00000000d5580000,0x00000000d5580000,0x00000000dff00000)
  from space 8704K, 99% used [0x00000000e1800000,0x00000000e2076248,0x00000000e2080000)
  to   space 11264K, 0% used [0x00000000e0a80000,0x00000000e0a80000,0x00000000e1580000)
 ParOldGen       total 127488K, used 14837K [0x0000000080000000, 0x0000000087c80000, 0x00000000d5580000)
  object space 127488K, 11% used [0x0000000080000000,0x0000000080e7d7f0,0x0000000087c80000)
 Metaspace       used 37879K, capacity 39638K, committed 39768K, reserved 1083392K
  class space    used 5233K, capacity 5637K, committed 5760K, reserved 1048576K
}
Event: 6.308 GC heap before
{Heap before GC invocations=11 (full 2):
 PSYoungGen      total 182272K, used 182232K [0x00000000d5580000, 0x00000000e2080000, 0x0000000100000000)
  eden space 173568K, 100% used [0x00000000d5580000,0x00000000dff00000,0x00000000dff00000)
  from space 8704K, 99% used [0x00000000e1800000,0x00000000e2076248,0x00000000e2080000)
  to   space 11264K, 0% used [0x00000000e0a80000,0x00000000e0a80000,0x00000000e1580000)
 ParOldGen       total 127488K, used 14837K [0x0000000080000000, 0x0000000087c80000, 0x00000000d5580000)
  object space 127488K, 11% used [0x0000000080000000,0x0000000080e7d7f0,0x0000000087c80000)
 Metaspace       used 54864K, capacity 57308K, committed 57432K, reserved 1099776K
  class space    used 7484K, capacity 8033K, committed 8064K, reserved 1048576K
Event: 6.323 GC heap after
Heap after GC invocations=11 (full 2):
 PSYoungGen      total 184832K, used 11236K [0x00000000d5580000, 0x00000000e2080000, 0x0000000100000000)
  eden space 173568K, 0% used [0x00000000d5580000,0x00000000d5580000,0x00000000dff00000)
  from space 11264K, 99% used [0x00000000e0a80000,0x00000000e15792f0,0x00000000e1580000)
  to   space 8704K, 0% used [0x00000000e1800000,0x00000000e1800000,0x00000000e2080000)
 ParOldGen       total 127488K, used 31463K [0x0000000080000000, 0x0000000087c80000, 0x00000000d5580000)
  object space 127488K, 24% used [0x0000000080000000,0x0000000081eb9f18,0x0000000087c80000)
 Metaspace       used 54864K, capacity 57308K, committed 57432K, reserved 1099776K
  class space    used 7484K, capacity 8033K, committed 8064K, reserved 1048576K
}
Event: 6.476 GC heap before
{Heap before GC invocations=12 (full 2):
 PSYoungGen      total 184832K, used 35030K [0x00000000d5580000, 0x00000000e2080000, 0x0000000100000000)
  eden space 173568K, 13% used [0x00000000d5580000,0x00000000d6cbc810,0x00000000dff00000)
  from space 11264K, 99% used [0x00000000e0a80000,0x00000000e15792f0,0x00000000e1580000)
  to   space 8704K, 0% used [0x00000000e1800000,0x00000000e1800000,0x00000000e2080000)
 ParOldGen       total 127488K, used 31463K [0x0000000080000000, 0x0000000087c80000, 0x00000000d5580000)
  object space 127488K, 24% used [0x0000000080000000,0x0000000081eb9f18,0x0000000087c80000)
 Metaspace       used 56384K, capacity 58850K, committed 58968K, reserved 1099776K
  class space    used 7714K, capacity 8264K, committed 8320K, reserved 1048576K
Event: 6.482 GC heap after
Heap after GC invocations=12 (full 2):
 PSYoungGen      total 189440K, used 8480K [0x00000000d5580000, 0x00000000e6280000, 0x0000000100000000)
  eden space 180736K, 0% used [0x00000000d5580000,0x00000000d5580000,0x00000000e0600000)
  from space 8704K, 97% used [0x00000000e1800000,0x00000000e2048018,0x00000000e2080000)
  to   space 18432K, 0% used [0x00000000e0600000,0x00000000e0600000,0x00000000e1800000)
 ParOldGen       total 127488K, used 36274K [0x0000000080000000, 0x0000000087c80000, 0x00000000d5580000)
  object space 127488K, 28% used [0x0000000080000000,0x000000008236c970,0x0000000087c80000)
 Metaspace       used 56384K, capacity 58850K, committed 58968K, reserved 1099776K
  class space    used 7714K, capacity 8264K, committed 8320K, reserved 1048576K
}
Event: 6.482 GC heap before
{Heap before GC invocations=13 (full 3):
 PSYoungGen      total 189440K, used 8480K [0x00000000d5580000, 0x00000000e6280000, 0x0000000100000000)
  eden space 180736K, 0% used [0x00000000d5580000,0x00000000d5580000,0x00000000e0600000)
  from space 8704K, 97% used [0x00000000e1800000,0x00000000e2048018,0x00000000e2080000)
  to   space 18432K, 0% used [0x00000000e0600000,0x00000000e0600000,0x00000000e1800000)
 ParOldGen       total 127488K, used 36274K [0x0000000080000000, 0x0000000087c80000, 0x00000000d5580000)
  object space 127488K, 28% used [0x0000000080000000,0x000000008236c970,0x0000000087c80000)
 Metaspace       used 56384K, capacity 58850K, committed 58968K, reserved 1099776K
  class space    used 7714K, capacity 8264K, committed 8320K, reserved 1048576K
Event: 6.646 GC heap after
Heap after GC invocations=13 (full 3):
 PSYoungGen      total 189440K, used 0K [0x00000000d5580000, 0x00000000e6280000, 0x0000000100000000)
  eden space 180736K, 0% used [0x00000000d5580000,0x00000000d5580000,0x00000000e0600000)
  from space 8704K, 0% used [0x00000000e1800000,0x00000000e1800000,0x00000000e2080000)
  to   space 18432K, 0% used [0x00000000e0600000,0x00000000e0600000,0x00000000e1800000)
 ParOldGen       total 127488K, used 30912K [0x0000000080000000, 0x0000000087c80000, 0x00000000d5580000)
  object space 127488K, 24% used [0x0000000080000000,0x0000000081e30340,0x0000000087c80000)
 Metaspace       used 56312K, capacity 58604K, committed 58968K, reserved 1099776K
  class space    used 7691K, capacity 8223K, committed 8320K, reserved 1048576K
}

