# JRE version: OpenJDK Runtime Environment (8.0_242-b01) (build 1.8.0_242-release-1644-b01)
# Java VM: OpenJDK 64-Bit Server VM (25.242-b01 mixed mode windows-amd64 compressed oops)
Heap:
 PSYoungGen      total 618496K, used 330740K [0x00000000d5580000, 0x0000000100000000, 0x0000000100000000)
  eden space 538112K, 58% used [0x00000000d5580000,0x00000000e87fa520,0x00000000f6300000)
  from space 80384K, 21% used [0x00000000f6300000,0x00000000f7382c08,0x00000000fb180000)
  to   space 78336K, 0% used [0x00000000fb380000,0x00000000fb380000,0x0000000100000000)
 ParOldGen       total 319488K, used 240049K [0x0000000080000000, 0x0000000093800000, 0x00000000d5580000)
  object space 319488K, 75% used [0x0000000080000000,0x000000008ea6c678,0x0000000093800000)
 Metaspace       used 106732K, capacity 114126K, committed 114252K, reserved 1148928K
  class space    used 13963K, capacity 15424K, committed 15476K, reserved 1048576K
GC Heap History (10 events):
Event: 573.351 GC heap before
{Heap before GC invocations=31 (full 4):
 PSYoungGen      total 603648K, used 560181K [0x00000000d5580000, 0x00000000ff480000, 0x0000000100000000)
  eden space 528384K, 100% used [0x00000000d5580000,0x00000000f5980000,0x00000000f5980000)
  from space 75264K, 42% used [0x00000000fab00000,0x00000000fca0d6f8,0x00000000ff480000)
  to   space 79360K, 0% used [0x00000000f5980000,0x00000000f5980000,0x00000000fa700000)
 ParOldGen       total 319488K, used 166582K [0x0000000080000000, 0x0000000093800000, 0x00000000d5580000)
  object space 319488K, 52% used [0x0000000080000000,0x000000008a2ad970,0x0000000093800000)
 Metaspace       used 106302K, capacity 113584K, committed 113740K, reserved 1146880K
  class space    used 13951K, capacity 15407K, committed 15476K, reserved 1048576K
Event: 573.369 GC heap after
Heap after GC invocations=31 (full 4):
 PSYoungGen      total 607744K, used 19282K [0x00000000d5580000, 0x0000000100000000, 0x0000000100000000)
  eden space 528384K, 0% used [0x00000000d5580000,0x00000000d5580000,0x00000000f5980000)
  from space 79360K, 24% used [0x00000000f5980000,0x00000000f6c54818,0x00000000fa700000)
  to   space 78336K, 0% used [0x00000000fb380000,0x00000000fb380000,0x0000000100000000)
 ParOldGen       total 319488K, used 184622K [0x0000000080000000, 0x0000000093800000, 0x00000000d5580000)
  object space 319488K, 57% used [0x0000000080000000,0x000000008b44b858,0x0000000093800000)
 Metaspace       used 106302K, capacity 113584K, committed 113740K, reserved 1146880K
  class space    used 13951K, capacity 15407K, committed 15476K, reserved 1048576K
}
Event: 573.849 GC heap before
{Heap before GC invocations=32 (full 4):
 PSYoungGen      total 607744K, used 547666K [0x00000000d5580000, 0x0000000100000000, 0x0000000100000000)
  eden space 528384K, 100% used [0x00000000d5580000,0x00000000f5980000,0x00000000f5980000)
  from space 79360K, 24% used [0x00000000f5980000,0x00000000f6c54818,0x00000000fa700000)
  to   space 78336K, 0% used [0x00000000fb380000,0x00000000fb380000,0x0000000100000000)
 ParOldGen       total 319488K, used 184622K [0x0000000080000000, 0x0000000093800000, 0x00000000d5580000)
  object space 319488K, 57% used [0x0000000080000000,0x000000008b44b858,0x0000000093800000)
 Metaspace       used 106490K, capacity 113792K, committed 113996K, reserved 1148928K
  class space    used 13951K, capacity 15407K, committed 15476K, reserved 1048576K
Event: 573.861 GC heap after
Heap after GC invocations=32 (full 4):
 PSYoungGen      total 615424K, used 17849K [0x00000000d5580000, 0x00000000ffc00000, 0x0000000100000000)
  eden space 541184K, 0% used [0x00000000d5580000,0x00000000d5580000,0x00000000f6600000)
  from space 74240K, 24% used [0x00000000fb380000,0x00000000fc4ee7e8,0x00000000ffc00000)
  to   space 76800K, 0% used [0x00000000f6600000,0x00000000f6600000,0x00000000fb100000)
 ParOldGen       total 319488K, used 194073K [0x0000000080000000, 0x0000000093800000, 0x00000000d5580000)
  object space 319488K, 60% used [0x0000000080000000,0x000000008bd867b8,0x0000000093800000)
 Metaspace       used 106490K, capacity 113792K, committed 113996K, reserved 1148928K
  class space    used 13951K, capacity 15407K, committed 15476K, reserved 1048576K
}
Event: 574.833 GC heap before
{Heap before GC invocations=33 (full 4):
 PSYoungGen      total 615424K, used 559033K [0x00000000d5580000, 0x00000000ffc00000, 0x0000000100000000)
  eden space 541184K, 100% used [0x00000000d5580000,0x00000000f6600000,0x00000000f6600000)
  from space 74240K, 24% used [0x00000000fb380000,0x00000000fc4ee7e8,0x00000000ffc00000)
  to   space 76800K, 0% used [0x00000000f6600000,0x00000000f6600000,0x00000000fb100000)
 ParOldGen       total 319488K, used 194073K [0x0000000080000000, 0x0000000093800000, 0x00000000d5580000)
  object space 319488K, 60% used [0x0000000080000000,0x000000008bd867b8,0x0000000093800000)
 Metaspace       used 106537K, capacity 113804K, committed 113996K, reserved 1148928K
  class space    used 13951K, capacity 15407K, committed 15476K, reserved 1048576K
Event: 574.844 GC heap after
Heap after GC invocations=33 (full 4):
 PSYoungGen      total 617984K, used 8556K [0x00000000d5580000, 0x0000000100000000, 0x0000000100000000)
  eden space 541184K, 0% used [0x00000000d5580000,0x00000000d5580000,0x00000000f6600000)
  from space 76800K, 11% used [0x00000000f6600000,0x00000000f6e5b190,0x00000000fb100000)
  to   space 76288K, 0% used [0x00000000fb580000,0x00000000fb580000,0x0000000100000000)
 ParOldGen       total 319488K, used 207393K [0x0000000080000000, 0x0000000093800000, 0x00000000d5580000)
  object space 319488K, 64% used [0x0000000080000000,0x000000008ca88468,0x0000000093800000)
 Metaspace       used 106537K, capacity 113804K, committed 113996K, reserved 1148928K
  class space    used 13951K, capacity 15407K, committed 15476K, reserved 1048576K
}
Event: 575.339 GC heap before
{Heap before GC invocations=34 (full 4):
 PSYoungGen      total 617984K, used 549740K [0x00000000d5580000, 0x0000000100000000, 0x0000000100000000)
  eden space 541184K, 100% used [0x00000000d5580000,0x00000000f6600000,0x00000000f6600000)
  from space 76800K, 11% used [0x00000000f6600000,0x00000000f6e5b190,0x00000000fb100000)
  to   space 76288K, 0% used [0x00000000fb580000,0x00000000fb580000,0x0000000100000000)
 ParOldGen       total 319488K, used 207393K [0x0000000080000000, 0x0000000093800000, 0x00000000d5580000)
  object space 319488K, 64% used [0x0000000080000000,0x000000008ca88468,0x0000000093800000)
 Metaspace       used 106636K, capacity 113986K, committed 114252K, reserved 1148928K
  class space    used 13956K, capacity 15412K, committed 15476K, reserved 1048576K
Event: 575.375 GC heap after
Heap after GC invocations=34 (full 4):
 PSYoungGen      total 614400K, used 53898K [0x00000000d5580000, 0x0000000100000000, 0x0000000100000000)
  eden space 538112K, 0% used [0x00000000d5580000,0x00000000d5580000,0x00000000f6300000)
  from space 76288K, 70% used [0x00000000fb580000,0x00000000fea22b78,0x0000000100000000)
  to   space 80384K, 0% used [0x00000000f6300000,0x00000000f6300000,0x00000000fb180000)
 ParOldGen       total 319488K, used 212938K [0x0000000080000000, 0x0000000093800000, 0x00000000d5580000)
  object space 319488K, 66% used [0x0000000080000000,0x000000008cff29d0,0x0000000093800000)
 Metaspace       used 106636K, capacity 113986K, committed 114252K, reserved 1148928K
  class space    used 13956K, capacity 15412K, committed 15476K, reserved 1048576K
}
Event: 575.756 GC heap before
{Heap before GC invocations=35 (full 4):
 PSYoungGen      total 614400K, used 592010K [0x00000000d5580000, 0x0000000100000000, 0x0000000100000000)
  eden space 538112K, 100% used [0x00000000d5580000,0x00000000f6300000,0x00000000f6300000)
  from space 76288K, 70% used [0x00000000fb580000,0x00000000fea22b78,0x0000000100000000)
  to   space 80384K, 0% used [0x00000000f6300000,0x00000000f6300000,0x00000000fb180000)
 ParOldGen       total 319488K, used 212938K [0x0000000080000000, 0x0000000093800000, 0x00000000d5580000)
  object space 319488K, 66% used [0x0000000080000000,0x000000008cff29d0,0x0000000093800000)
 Metaspace       used 106703K, capacity 114096K, committed 114252K, reserved 1148928K
  class space    used 13960K, capacity 15419K, committed 15476K, reserved 1048576K
Event: 575.775 GC heap after
Heap after GC invocations=35 (full 4):
 PSYoungGen      total 618496K, used 16907K [0x00000000d5580000, 0x0000000100000000, 0x0000000100000000)
  eden space 538112K, 0% used [0x00000000d5580000,0x00000000d5580000,0x00000000f6300000)
  from space 80384K, 21% used [0x00000000f6300000,0x00000000f7382c08,0x00000000fb180000)
  to   space 78336K, 0% used [0x00000000fb380000,0x00000000fb380000,0x0000000100000000)
 ParOldGen       total 319488K, used 240049K [0x0000000080000000, 0x0000000093800000, 0x00000000d5580000)
  object space 319488K, 75% used [0x0000000080000000,0x000000008ea6c678,0x0000000093800000)
 Metaspace       used 106703K, capacity 114096K, committed 114252K, reserved 1148928K
  class space    used 13960K, capacity 15419K, committed 15476K, reserved 1048576K
}

