# JRE version: OpenJDK Runtime Environment (8.0_242-b01) (build 1.8.0_242-release-1644-b01)
# Java VM: OpenJDK 64-Bit Server VM (25.242-b01 mixed mode windows-amd64 compressed oops)
Heap:
 PSYoungGen      total 232960K, used 61153K [0x00000000d5580000, 0x00000000e8000000, 0x0000000100000000)
  eden space 212992K, 19% used [0x00000000d5580000,0x00000000d7dbf850,0x00000000e2580000)
  from space 19968K, 99% used [0x00000000e2580000,0x00000000e38f8f10,0x00000000e3900000)
  to   space 25600K, 0% used [0x00000000e6700000,0x00000000e6700000,0x00000000e8000000)
 ParOldGen       total 203264K, used 41453K [0x0000000080000000, 0x000000008c680000, 0x00000000d5580000)
  object space 203264K, 20% used [0x0000000080000000,0x000000008287b680,0x000000008c680000)
 Metaspace       used 65707K, capacity 68948K, committed 69080K, reserved 1107968K
  class space    used 9047K, capacity 9717K, committed 9728K, reserved 1048576K
GC Heap History (10 events):
Event: 6.083 GC heap before
{Heap before GC invocations=10 (full 2):
 PSYoungGen      total 124928K, used 112640K [0x00000000d5580000, 0x00000000e2f80000, 0x0000000100000000)
  eden space 112640K, 100% used [0x00000000d5580000,0x00000000dc380000,0x00000000dc380000)
  from space 12288K, 0% used [0x00000000dc380000,0x00000000dc380000,0x00000000dcf80000)
  to   space 11776K, 0% used [0x00000000e2400000,0x00000000e2400000,0x00000000e2f80000)
 ParOldGen       total 133632K, used 14754K [0x0000000080000000, 0x0000000088280000, 0x00000000d5580000)
  object space 133632K, 11% used [0x0000000080000000,0x0000000080e689f8,0x0000000088280000)
 Metaspace       used 37087K, capacity 38830K, committed 39000K, reserved 1083392K
  class space    used 5099K, capacity 5494K, committed 5504K, reserved 1048576K
Event: 6.088 GC heap after
Heap after GC invocations=10 (full 2):
 PSYoungGen      total 176640K, used 7832K [0x00000000d5580000, 0x00000000e2c00000, 0x0000000100000000)
  eden space 168448K, 0% used [0x00000000d5580000,0x00000000d5580000,0x00000000dfa00000)
  from space 8192K, 95% used [0x00000000e2400000,0x00000000e2ba61b8,0x00000000e2c00000)
  to   space 11776K, 0% used [0x00000000e1500000,0x00000000e1500000,0x00000000e2080000)
 ParOldGen       total 133632K, used 14762K [0x0000000080000000, 0x0000000088280000, 0x00000000d5580000)
  object space 133632K, 11% used [0x0000000080000000,0x0000000080e6a9f8,0x0000000088280000)
 Metaspace       used 37087K, capacity 38830K, committed 39000K, reserved 1083392K
  class space    used 5099K, capacity 5494K, committed 5504K, reserved 1048576K
}
Event: 8.600 GC heap before
{Heap before GC invocations=11 (full 2):
 PSYoungGen      total 176640K, used 176280K [0x00000000d5580000, 0x00000000e2c00000, 0x0000000100000000)
  eden space 168448K, 100% used [0x00000000d5580000,0x00000000dfa00000,0x00000000dfa00000)
  from space 8192K, 95% used [0x00000000e2400000,0x00000000e2ba61b8,0x00000000e2c00000)
  to   space 11776K, 0% used [0x00000000e1500000,0x00000000e1500000,0x00000000e2080000)
 ParOldGen       total 133632K, used 14762K [0x0000000080000000, 0x0000000088280000, 0x00000000d5580000)
  object space 133632K, 11% used [0x0000000080000000,0x0000000080e6a9f8,0x0000000088280000)
 Metaspace       used 52591K, capacity 54786K, committed 54872K, reserved 1097728K
  class space    used 7033K, capacity 7537K, committed 7552K, reserved 1048576K
Event: 8.617 GC heap after
Heap after GC invocations=11 (full 2):
 PSYoungGen      total 207872K, used 11748K [0x00000000d5580000, 0x00000000e4b00000, 0x0000000100000000)
  eden space 196096K, 0% used [0x00000000d5580000,0x00000000d5580000,0x00000000e1500000)
  from space 11776K, 99% used [0x00000000e1500000,0x00000000e20792f0,0x00000000e2080000)
  to   space 18432K, 0% used [0x00000000e3900000,0x00000000e3900000,0x00000000e4b00000)
 ParOldGen       total 133632K, used 29196K [0x0000000080000000, 0x0000000088280000, 0x00000000d5580000)
  object space 133632K, 21% used [0x0000000080000000,0x0000000081c83288,0x0000000088280000)
 Metaspace       used 52591K, capacity 54786K, committed 54872K, reserved 1097728K
  class space    used 7033K, capacity 7537K, committed 7552K, reserved 1048576K
}
Event: 9.149 GC heap before
{Heap before GC invocations=12 (full 2):
 PSYoungGen      total 207872K, used 54505K [0x00000000d5580000, 0x00000000e4b00000, 0x0000000100000000)
  eden space 196096K, 21% used [0x00000000d5580000,0x00000000d7f41438,0x00000000e1500000)
  from space 11776K, 99% used [0x00000000e1500000,0x00000000e20792f0,0x00000000e2080000)
  to   space 18432K, 0% used [0x00000000e3900000,0x00000000e3900000,0x00000000e4b00000)
 ParOldGen       total 133632K, used 29196K [0x0000000080000000, 0x0000000088280000, 0x00000000d5580000)
  object space 133632K, 21% used [0x0000000080000000,0x0000000081c83288,0x0000000088280000)
 Metaspace       used 56363K, capacity 58868K, committed 58968K, reserved 1099776K
  class space    used 7701K, capacity 8255K, committed 8320K, reserved 1048576K
Event: 9.158 GC heap after
Heap after GC invocations=12 (full 2):
 PSYoungGen      total 231424K, used 16418K [0x00000000d5580000, 0x00000000e7200000, 0x0000000100000000)
  eden space 212992K, 0% used [0x00000000d5580000,0x00000000d5580000,0x00000000e2580000)
  from space 18432K, 89% used [0x00000000e3900000,0x00000000e4908bd8,0x00000000e4b00000)
  to   space 19968K, 0% used [0x00000000e2580000,0x00000000e2580000,0x00000000e3900000)
 ParOldGen       total 133632K, used 29204K [0x0000000080000000, 0x0000000088280000, 0x00000000d5580000)
  object space 133632K, 21% used [0x0000000080000000,0x0000000081c85288,0x0000000088280000)
 Metaspace       used 56363K, capacity 58868K, committed 58968K, reserved 1099776K
  class space    used 7701K, capacity 8255K, committed 8320K, reserved 1048576K
}
Event: 9.158 GC heap before
{Heap before GC invocations=13 (full 3):
 PSYoungGen      total 231424K, used 16418K [0x00000000d5580000, 0x00000000e7200000, 0x0000000100000000)
  eden space 212992K, 0% used [0x00000000d5580000,0x00000000d5580000,0x00000000e2580000)
  from space 18432K, 89% used [0x00000000e3900000,0x00000000e4908bd8,0x00000000e4b00000)
  to   space 19968K, 0% used [0x00000000e2580000,0x00000000e2580000,0x00000000e3900000)
 ParOldGen       total 133632K, used 29204K [0x0000000080000000, 0x0000000088280000, 0x00000000d5580000)
  object space 133632K, 21% used [0x0000000080000000,0x0000000081c85288,0x0000000088280000)
 Metaspace       used 56363K, capacity 58868K, committed 58968K, reserved 1099776K
  class space    used 7701K, capacity 8255K, committed 8320K, reserved 1048576K
Event: 9.346 GC heap after
Heap after GC invocations=13 (full 3):
 PSYoungGen      total 231424K, used 0K [0x00000000d5580000, 0x00000000e7200000, 0x0000000100000000)
  eden space 212992K, 0% used [0x00000000d5580000,0x00000000d5580000,0x00000000e2580000)
  from space 18432K, 0% used [0x00000000e3900000,0x00000000e3900000,0x00000000e4b00000)
  to   space 19968K, 0% used [0x00000000e2580000,0x00000000e2580000,0x00000000e3900000)
 ParOldGen       total 203264K, used 33161K [0x0000000080000000, 0x000000008c680000, 0x00000000d5580000)
  object space 203264K, 16% used [0x0000000080000000,0x0000000082062670,0x000000008c680000)
 Metaspace       used 56299K, capacity 58652K, committed 58968K, reserved 1099776K
  class space    used 7681K, capacity 8219K, committed 8320K, reserved 1048576K
}
Event: 11.474 GC heap before
{Heap before GC invocations=14 (full 3):
 PSYoungGen      total 231424K, used 212992K [0x00000000d5580000, 0x00000000e7200000, 0x0000000100000000)
  eden space 212992K, 100% used [0x00000000d5580000,0x00000000e2580000,0x00000000e2580000)
  from space 18432K, 0% used [0x00000000e3900000,0x00000000e3900000,0x00000000e4b00000)
  to   space 19968K, 0% used [0x00000000e2580000,0x00000000e2580000,0x00000000e3900000)
 ParOldGen       total 203264K, used 33161K [0x0000000080000000, 0x000000008c680000, 0x00000000d5580000)
  object space 203264K, 16% used [0x0000000080000000,0x0000000082062670,0x000000008c680000)
 Metaspace       used 65115K, capacity 68324K, committed 68440K, reserved 1107968K
  class space    used 8966K, capacity 9597K, committed 9600K, reserved 1048576K
Event: 11.490 GC heap after
Heap after GC invocations=14 (full 3):
 PSYoungGen      total 232960K, used 19939K [0x00000000d5580000, 0x00000000e8000000, 0x0000000100000000)
  eden space 212992K, 0% used [0x00000000d5580000,0x00000000d5580000,0x00000000e2580000)
  from space 19968K, 99% used [0x00000000e2580000,0x00000000e38f8f10,0x00000000e3900000)
  to   space 25600K, 0% used [0x00000000e6700000,0x00000000e6700000,0x00000000e8000000)
 ParOldGen       total 203264K, used 41453K [0x0000000080000000, 0x000000008c680000, 0x00000000d5580000)
  object space 203264K, 20% used [0x0000000080000000,0x000000008287b680,0x000000008c680000)
 Metaspace       used 65115K, capacity 68324K, committed 68440K, reserved 1107968K
  class space    used 8966K, capacity 9597K, committed 9600K, reserved 1048576K
}

