# JRE version: OpenJDK Runtime Environment (8.0_242-b01) (build 1.8.0_242-release-1644-b01)
# Java VM: OpenJDK 64-Bit Server VM (25.242-b01 mixed mode windows-amd64 compressed oops)
Heap:
 PSYoungGen      total 222208K, used 146951K [0x00000000d5580000, 0x00000000e3e80000, 0x0000000100000000)
  eden space 209408K, 68% used [0x00000000d5580000,0x00000000de0d53c8,0x00000000e2200000)
  from space 12800K, 33% used [0x00000000e2200000,0x00000000e262c888,0x00000000e2e80000)
  to   space 12800K, 0% used [0x00000000e2e80000,0x00000000e2e80000,0x00000000e3b00000)
 ParOldGen       total 145408K, used 23813K [0x0000000080000000, 0x0000000088e00000, 0x00000000d5580000)
  object space 145408K, 16% used [0x0000000080000000,0x0000000081741520,0x0000000088e00000)
 Metaspace       used 41809K, capacity 43572K, committed 43776K, reserved 1087488K
  class space    used 5528K, capacity 5849K, committed 5888K, reserved 1048576K
GC Heap History (10 events):
Event: 6.448 GC heap before
{Heap before GC invocations=11 (full 2):
 PSYoungGen      total 168960K, used 163717K [0x00000000d5580000, 0x00000000e0800000, 0x0000000100000000)
  eden space 156160K, 100% used [0x00000000d5580000,0x00000000dee00000,0x00000000dee00000)
  from space 12800K, 59% used [0x00000000dfa80000,0x00000000e01e14c0,0x00000000e0700000)
  to   space 12800K, 0% used [0x00000000dee00000,0x00000000dee00000,0x00000000dfa80000)
 ParOldGen       total 145408K, used 17297K [0x0000000080000000, 0x0000000088e00000, 0x00000000d5580000)
  object space 145408K, 11% used [0x0000000080000000,0x00000000810e4420,0x0000000088e00000)
 Metaspace       used 41713K, capacity 43508K, committed 43776K, reserved 1087488K
  class space    used 5527K, capacity 5849K, committed 5888K, reserved 1048576K
Event: 6.453 GC heap after
Heap after GC invocations=11 (full 2):
 PSYoungGen      total 168960K, used 6720K [0x00000000d5580000, 0x00000000e3b00000, 0x0000000100000000)
  eden space 156160K, 0% used [0x00000000d5580000,0x00000000d5580000,0x00000000dee00000)
  from space 12800K, 52% used [0x00000000dee00000,0x00000000df490210,0x00000000dfa80000)
  to   space 12800K, 0% used [0x00000000e2e80000,0x00000000e2e80000,0x00000000e3b00000)
 ParOldGen       total 145408K, used 17297K [0x0000000080000000, 0x0000000088e00000, 0x00000000d5580000)
  object space 145408K, 11% used [0x0000000080000000,0x00000000810e4420,0x0000000088e00000)
 Metaspace       used 41713K, capacity 43508K, committed 43776K, reserved 1087488K
  class space    used 5527K, capacity 5849K, committed 5888K, reserved 1048576K
}
Event: 6.596 GC heap before
{Heap before GC invocations=12 (full 2):
 PSYoungGen      total 168960K, used 162880K [0x00000000d5580000, 0x00000000e3b00000, 0x0000000100000000)
  eden space 156160K, 100% used [0x00000000d5580000,0x00000000dee00000,0x00000000dee00000)
  from space 12800K, 52% used [0x00000000dee00000,0x00000000df490210,0x00000000dfa80000)
  to   space 12800K, 0% used [0x00000000e2e80000,0x00000000e2e80000,0x00000000e3b00000)
 ParOldGen       total 145408K, used 17298K [0x0000000080000000, 0x0000000088e00000, 0x00000000d5580000)
  object space 145408K, 11% used [0x0000000080000000,0x00000000810e4a18,0x0000000088e00000)
 Metaspace       used 41739K, capacity 43508K, committed 43776K, reserved 1087488K
  class space    used 5527K, capacity 5849K, committed 5888K, reserved 1048576K
Event: 6.601 GC heap after
Heap after GC invocations=12 (full 2):
 PSYoungGen      total 222208K, used 7175K [0x00000000d5580000, 0x00000000e3e80000, 0x0000000100000000)
  eden space 209408K, 0% used [0x00000000d5580000,0x00000000d5580000,0x00000000e2200000)
  from space 12800K, 56% used [0x00000000e2e80000,0x00000000e3581c00,0x00000000e3b00000)
  to   space 12800K, 0% used [0x00000000e2200000,0x00000000e2200000,0x00000000e2e80000)
 ParOldGen       total 145408K, used 17306K [0x0000000080000000, 0x0000000088e00000, 0x00000000d5580000)
  object space 145408K, 11% used [0x0000000080000000,0x00000000810e6a18,0x0000000088e00000)
 Metaspace       used 41739K, capacity 43508K, committed 43776K, reserved 1087488K
  class space    used 5527K, capacity 5849K, committed 5888K, reserved 1048576K
}
Event: 6.747 GC heap before
{Heap before GC invocations=13 (full 2):
 PSYoungGen      total 222208K, used 216583K [0x00000000d5580000, 0x00000000e3e80000, 0x0000000100000000)
  eden space 209408K, 100% used [0x00000000d5580000,0x00000000e2200000,0x00000000e2200000)
  from space 12800K, 56% used [0x00000000e2e80000,0x00000000e3581c00,0x00000000e3b00000)
  to   space 12800K, 0% used [0x00000000e2200000,0x00000000e2200000,0x00000000e2e80000)
 ParOldGen       total 145408K, used 17534K [0x0000000080000000, 0x0000000088e00000, 0x00000000d5580000)
  object space 145408K, 12% used [0x0000000080000000,0x000000008111fb80,0x0000000088e00000)
 Metaspace       used 41753K, capacity 43572K, committed 43776K, reserved 1087488K
  class space    used 5527K, capacity 5849K, committed 5888K, reserved 1048576K
Event: 6.751 GC heap after
Heap after GC invocations=13 (full 2):
 PSYoungGen      total 222208K, used 7692K [0x00000000d5580000, 0x00000000e3e80000, 0x0000000100000000)
  eden space 209408K, 0% used [0x00000000d5580000,0x00000000d5580000,0x00000000e2200000)
  from space 12800K, 60% used [0x00000000e2200000,0x00000000e29831d0,0x00000000e2e80000)
  to   space 12800K, 0% used [0x00000000e2e80000,0x00000000e2e80000,0x00000000e3b00000)
 ParOldGen       total 145408K, used 17534K [0x0000000080000000, 0x0000000088e00000, 0x00000000d5580000)
  object space 145408K, 12% used [0x0000000080000000,0x000000008111fb80,0x0000000088e00000)
 Metaspace       used 41753K, capacity 43572K, committed 43776K, reserved 1087488K
  class space    used 5527K, capacity 5849K, committed 5888K, reserved 1048576K
}
Event: 6.904 GC heap before
{Heap before GC invocations=14 (full 2):
 PSYoungGen      total 222208K, used 217100K [0x00000000d5580000, 0x00000000e3e80000, 0x0000000100000000)
  eden space 209408K, 100% used [0x00000000d5580000,0x00000000e2200000,0x00000000e2200000)
  from space 12800K, 60% used [0x00000000e2200000,0x00000000e29831d0,0x00000000e2e80000)
  to   space 12800K, 0% used [0x00000000e2e80000,0x00000000e2e80000,0x00000000e3b00000)
 ParOldGen       total 145408K, used 17541K [0x0000000080000000, 0x0000000088e00000, 0x00000000d5580000)
  object space 145408K, 12% used [0x0000000080000000,0x0000000081121728,0x0000000088e00000)
 Metaspace       used 41773K, capacity 43572K, committed 43776K, reserved 1087488K
  class space    used 5527K, capacity 5849K, committed 5888K, reserved 1048576K
Event: 6.909 GC heap after
Heap after GC invocations=14 (full 2):
 PSYoungGen      total 222208K, used 3799K [0x00000000d5580000, 0x00000000e3e80000, 0x0000000100000000)
  eden space 209408K, 0% used [0x00000000d5580000,0x00000000d5580000,0x00000000e2200000)
  from space 12800K, 29% used [0x00000000e2e80000,0x00000000e3235d40,0x00000000e3b00000)
  to   space 12800K, 0% used [0x00000000e2200000,0x00000000e2200000,0x00000000e2e80000)
 ParOldGen       total 145408K, used 22623K [0x0000000080000000, 0x0000000088e00000, 0x00000000d5580000)
  object space 145408K, 15% used [0x0000000080000000,0x0000000081617eb8,0x0000000088e00000)
 Metaspace       used 41773K, capacity 43572K, committed 43776K, reserved 1087488K
  class space    used 5527K, capacity 5849K, committed 5888K, reserved 1048576K
}
Event: 7.083 GC heap before
{Heap before GC invocations=15 (full 2):
 PSYoungGen      total 222208K, used 213207K [0x00000000d5580000, 0x00000000e3e80000, 0x0000000100000000)
  eden space 209408K, 100% used [0x00000000d5580000,0x00000000e2200000,0x00000000e2200000)
  from space 12800K, 29% used [0x00000000e2e80000,0x00000000e3235d40,0x00000000e3b00000)
  to   space 12800K, 0% used [0x00000000e2200000,0x00000000e2200000,0x00000000e2e80000)
 ParOldGen       total 145408K, used 22674K [0x0000000080000000, 0x0000000088e00000, 0x00000000d5580000)
  object space 145408K, 15% used [0x0000000080000000,0x00000000816248f0,0x0000000088e00000)
 Metaspace       used 41799K, capacity 43572K, committed 43776K, reserved 1087488K
  class space    used 5528K, capacity 5849K, committed 5888K, reserved 1048576K
Event: 7.086 GC heap after
Heap after GC invocations=15 (full 2):
 PSYoungGen      total 222208K, used 4274K [0x00000000d5580000, 0x00000000e3e80000, 0x0000000100000000)
  eden space 209408K, 0% used [0x00000000d5580000,0x00000000d5580000,0x00000000e2200000)
  from space 12800K, 33% used [0x00000000e2200000,0x00000000e262c888,0x00000000e2e80000)
  to   space 12800K, 0% used [0x00000000e2e80000,0x00000000e2e80000,0x00000000e3b00000)
 ParOldGen       total 145408K, used 23813K [0x0000000080000000, 0x0000000088e00000, 0x00000000d5580000)
  object space 145408K, 16% used [0x0000000080000000,0x0000000081741520,0x0000000088e00000)
 Metaspace       used 41799K, capacity 43572K, committed 43776K, reserved 1087488K
  class space    used 5528K, capacity 5849K, committed 5888K, reserved 1048576K
}

